<?xml version="1.0" encoding="UTF-8"?>
<testsuite name="com.kodilla.testing.weather.mock.WeatherForecastTestSuite" tests="3" skipped="0" failures="0" errors="0" timestamp="2020-12-14T19:41:01" hostname="DESKTOP-F288P3S" time="0.029">
  <properties/>
  <testcase name="testCalculateMedianaWithMock()" classname="com.kodilla.testing.weather.mock.WeatherForecastTestSuite" time="0.024"/>
  <testcase name="testCalculateAverageWithMock()" classname="com.kodilla.testing.weather.mock.WeatherForecastTestSuite" time="0.001"/>
  <testcase name="testCalculateForecastWithMock()" classname="com.kodilla.testing.weather.mock.WeatherForecastTestSuite" time="0.001"/>
  <system-out><![CDATA[]]></system-out>
  <system-err><![CDATA[]]></system-err>
</testsuite>
