<?xml version="1.0" encoding="UTF-8"?>
<testsuite name="com.kodilla.testing.collection.CollectionTestSuite" tests="2" skipped="0" failures="0" errors="0" timestamp="2020-12-14T19:41:01" hostname="DESKTOP-F288P3S" time="0.017">
  <properties/>
  <testcase name="testOddNumbersExterminatorEmptyList()" classname="com.kodilla.testing.collection.CollectionTestSuite" time="0.015"/>
  <testcase name="testOddNumbersExterminatorNormalList()" classname="com.kodilla.testing.collection.CollectionTestSuite" time="0.002"/>
  <system-out><![CDATA[Test Suite: begin
Test case: begin
Testing empty list
Test case:  end
Test case: begin
Testing normal list
Test case:  end
Test Suite: end
]]></system-out>
  <system-err><![CDATA[]]></system-err>
</testsuite>
