<?xml version="1.0" encoding="UTF-8"?>
<testsuite name="com.kodilla.testing.forum.tdd.ForumTestSuite$TestsComments" tests="4" skipped="0" failures="0" errors="0" timestamp="2020-12-14T19:41:01" hostname="DESKTOP-F288P3S" time="0.011">
  <properties/>
  <testcase name="testRemoveCommentNotExisting()" classname="com.kodilla.testing.forum.tdd.ForumTestSuite$TestsComments" time="0.006"/>
  <testcase name="testRemoveComment()" classname="com.kodilla.testing.forum.tdd.ForumTestSuite$TestsComments" time="0.001"/>
  <testcase name="testGetComment()" classname="com.kodilla.testing.forum.tdd.ForumTestSuite$TestsComments" time="0.001"/>
  <testcase name="testAddComment()" classname="com.kodilla.testing.forum.tdd.ForumTestSuite$TestsComments" time="0.001"/>
  <system-out><![CDATA[Preparing to execute test #1
Preparing to execute test #2
Preparing to execute test #3
Preparing to execute test #4
]]></system-out>
  <system-err><![CDATA[]]></system-err>
</testsuite>
